★ eas-cli@18.4.0 is now available.
To upgrade, run:
npm install -g eas-cli
Proceeding with outdated version.


⚠️ Detected that your app uses Expo Go for development, this is not recommended when building production apps.
Learn more: https://expo.fyi/why-not-build-expo-go-for-production
To suppress this warning, set EAS_BUILD_NO_EXPO_GO_WARNING=true.

The field "cli.appVersionSource" is not set, but it will be required in the future. Learn more: https://docs.expo.dev/build-reference/app-versions/
Resolved "production" environment for the build. Learn more: https://docs.expo.dev/eas/environment-variables/#setting-the-environment-for-your-builds
No environment variables with visibility "Plain text" and "Sensitive" found for the "production" environment on EAS.



The field "cli.appVersionSource" is not set, but it will be required in the future. Learn more: https://docs.expo.dev/build-reference/app-versions/
✔ Using remote Android credentials (Expo server)
✔ Using Keystore from configuration: Build Credentials N1B8vKqSQp (default)

Compressing project files and uploading to EAS Build. Learn more: https://expo.fyi/eas-build-archive
- Compressing project files
Your project archive is 909 MB. You can reduce its size and the time it takes to upload by excluding files that are unnecessary for the build process in .easignore file. Learn more: https://expo.fyi/eas-build-archive
- Uploading to EAS Build (0 / 909 MB)
Failed to upload metadata to EAS Build

Reason: Request failed: 400 (Bad Request)
✔ Uploaded to EAS 5s
- Computing project fingerprint
✔ Computed project fingerprint

See logs: https://expo.dev/accounts/certifiedmalt/projects/you-are-what-you-eat/builds/071af6f4-e8e8-4caa-8564-9f80b3b1ae1c

Waiting for build to complete. You can press Ctrl+C to exit.
- Waiting for build to complete.
  Build queued...

Start builds sooner in the priority queue.
Sign up for a paid plan at https://expo.dev/accounts/certifiedmalt/settings/billing

Waiting in Free tier queue

- Build is about to start
✔ Build finished
🤖 Android app:
https://expo.dev/artifacts/eas/STyAnerKFtrkYg2nY9isU.aab
