Logging in...
Cache: 1 products

Pre-warming 88 products...
------------------------------------------------------------
[1/88] CACHED: Coca-Cola Original score:2
[2/88] AI: Coca-Cola Zero Sugar score:3
[3/88] AI: Diet Coke score:2
[4/88] AI: Fanta Orange score:2
[5/88] AI: Sprite score:2
[6/88] AI: Fanta Lemon score:3
[7/88] AI: Coca-Cola Cherry score:2
[8/88] AI: Heinz Baked Beans score:5
[9/88] AI: Heinz Cream of Tomato Soup score:5
[10/88] AI: Heinz Beanz score:5
[11/88] AI: HP Brown Sauce score:4
[12/88] AI: Marmite Yeast Extract score:6
[13/88] AI: Lurpak Spreadable Butter score:6
[14/88] AI: Lurpak Danish Butter score:8
[15/88] AI: Kelloggs Corn Flakes Cereal score:5
[16/88] AI: Weetabix Wholegrain Cereal score:8
[17/88] AI: Nestle Shreddies Original score:6
[18/88] AI: Nestle Cheerios score:5
[19/88] AI: Nestle Shreddies score:6
[20/88] AI: Kelloggs Coco Pops score:3
[21/88] AI: Kelloggs Special K score:5
[22/88] AI: Nestle Cheerios Honey score:5
[23/88] AI: Nestle Shredded Wheat score:9
[24/88] AI: Cadbury Dairy Milk Chocolate score:3
[25/88] AI: Cadbury Dairy Milk Buttons score:3
[26/88] AI: Cadbury Wispa Chocolate Bar score:3
[27/88] AI: Cadbury Bournville Dark Chocolate score:5
[28/88] AI: Cadbury Creme Egg score:2
[29/88] AI: Cadbury Roses Chocolates score:3
[30/88] AI: Mars Bar Chocolate score:3
[31/88] AI: Snickers Chocolate Bar score:3
[32/88] AI: Twix Chocolate Bar score:3
[33/88] AI: Galaxy Milk Chocolate score:3
[34/88] AI: Maltesers Chocolate score:3
[35/88] AI: M&Ms Peanut Chocolate score:3
[36/88] AI: Celebrations Chocolates score:3
[37/88] AI: Bounty Coconut Chocolate Bar score:3
[38/88] AI: Milky Way Chocolate Bar score:3
[39/88] AI: KitKat 4 Finger Chocolate Bar score:3
[40/88] AI: KitKat Chunky Chocolate Bar score:3
[41/88] AI: Oreo Original Cookies score:2
[42/88] AI: McVities Digestive Biscuits score:5
[43/88] AI: McVities Jaffa Cakes score:3
[44/88] AI: Walkers Ready Salted Crisps score:3
[45/88] AI: Walkers Cheese and Onion Crisps score:3
[46/88] AI: Walkers Salt and Vinegar Crisps score:3
[47/88] AI: Walkers Prawn Cocktail Crisps score:2
[48/88] AI: Walkers Sensations Thai Sweet Chilli score:3
[49/88] AI: Walkers Quavers Cheese Crisps score:3
[50/88] AI: Walkers Max Strong Crisps score:3
[51/88] AI: Walkers Monster Munch Pickled Onion score:3
[52/88] AI: Walkers Wotsits Really Cheesy score:3
[53/88] AI: Doritos Chilli Heatwave Tortilla Chips score:3
[54/88] AI: Pringles Original Crisps score:2
[55/88] AI: Pringles Sour Cream and Onion score:3
[56/88] AI: PG Tips Original Tea Bags score:9
[57/88] AI: Tetley Original Tea Bags score:9
[58/88] AI: Yorkshire Tea Bags score:9
[59/88] AI: Twinings Earl Grey Tea score:9
[60/88] AI: Twinings English Breakfast Tea score:9
[61/88] AI: Nescafe Gold Blend Coffee score:7
[62/88] AI: Nescafe Original Instant Coffee score:7
[63/88] AI: Tropicana Pure Orange Juice score:8
[64/88] AI: Lucozade Energy Orange Drink score:3
[65/88] AI: Ribena Blackcurrant Juice Drink score:3
[66/88] AI: Ribena Original score:3
[67/88] AI: Innocent Smoothie score:8
[68/88] AI: Naked Green Machine Smoothie score:5
[69/88] AI: Oatly Oat Milk Original score:6
[70/88] AI: Oatly Barista Edition Oat Milk score:6
[71/88] AI: Monster Energy Drink Original score:3
[72/88] AI: Monster Energy Ultra Zero Sugar score:3
[73/88] AI: Red Bull Energy Drink score:3
[74/88] AI: Prime Hydration Drink score:5
[75/88] AI: Cathedral City Mature Cheddar Cheese score:8
[76/88] AI: Warburtons Toastie White Bread score:4
[77/88] AI: Branston Original Pickle score:5
[78/88] AI: Hellmanns Real Mayonnaise score:5
[79/88] AI: Ben and Jerrys Cookie Dough Ice Cream score:4
[80/88] AI: Nescafe Dolce Gusto Coffee Pods score:5
[81/88] AI: SanPellegrino Sparkling Natural Mineral Water score:9
[82/88] AI: Knorr Chicken Stock Pot score:4
[83/88] AI: Lucky Charms Cereal score:3
[84/88] AI: Nestle Fitness Cereal score:5
[85/88] AI: Galaxy Smooth Milk Chocolate Bar score:3
[86/88] AI: Mars Topic Chocolate Bar score:3
[87/88] AI: Twix White Chocolate Bar score:3
[88/88] AI: Galaxy Ripple Chocolate Bar score:3
------------------------------------------------------------
DONE: 87 AI-cached, 1 already cached, 0 failed / 88 total
Final cache: 88 products
